生成启动时间为 2018/6/22 0:22:09。
     1>项目“F:\HomeWork\bit_数据结构\数据结构_1\数据结构_1\数据结构_1.vcxproj”在节点 2 上(Build 个目标)。
     1>C:\Program Files (x86)\MSBuild\Microsoft.Cpp\v4.0\V120\Microsoft.CppBuild.targets(381,5): warning MSB8028: The intermediate directory (Debug\) contains files shared from another project (数据结构_1.vcxproj).  This can lead to incorrect clean and rebuild behavior.
     1>ClCompile:
         E:\VS2013\VC\bin\CL.exe /c /ZI /nologo /W3 /WX- /sdl /Od /Oy- /Gm /EHsc /RTC1 /MDd /GS /fp:precise /Zc:wchar_t /Zc:forScope /Fo"Debug\\" /Fd"Debug\vc120.pdb" /Gd /TC /analyze- /errorReport:prompt SeqList.c
         SeqList.c
     1>f:\homework\bit_数据结构\数据结构_1\数据结构_1\seqlist.c(17): warning C4018: “<”: 有符号/无符号不匹配
     1>f:\homework\bit_数据结构\数据结构_1\数据结构_1\seqlist.c(80): warning C4018: “<”: 有符号/无符号不匹配
     1>f:\homework\bit_数据结构\数据结构_1\数据结构_1\seqlist.c(93): warning C4018: “<”: 有符号/无符号不匹配
     1>f:\homework\bit_数据结构\数据结构_1\数据结构_1\seqlist.c(117): warning C4018: “>=”: 有符号/无符号不匹配
     1>f:\homework\bit_数据结构\数据结构_1\数据结构_1\seqlist.c(137): warning C4018: “<”: 有符号/无符号不匹配
     1>f:\homework\bit_数据结构\数据结构_1\数据结构_1\seqlist.c(154): warning C4018: “<”: 有符号/无符号不匹配
     1>f:\homework\bit_数据结构\数据结构_1\数据结构_1\seqlist.c(166): warning C4018: “<”: 有符号/无符号不匹配
     1>f:\homework\bit_数据结构\数据结构_1\数据结构_1\seqlist.c(218): warning C4018: “<”: 有符号/无符号不匹配
     1>f:\homework\bit_数据结构\数据结构_1\数据结构_1\seqlist.c(247): warning C4047: “=”:“DataType *”与“DataType”的间接级别不同
     1>f:\homework\bit_数据结构\数据结构_1\数据结构_1\seqlist.c(249): warning C4047: “=”:“DataType”与“DataType *”的间接级别不同
     1>f:\homework\bit_数据结构\数据结构_1\数据结构_1\seqlist.c(258): warning C4018: “<”: 有符号/无符号不匹配
     1>f:\homework\bit_数据结构\数据结构_1\数据结构_1\seqlist.c(260): warning C4018: “<”: 有符号/无符号不匹配
       Link:
         E:\VS2013\VC\bin\link.exe /ERRORREPORT:PROMPT /OUT:"F:\HomeWork\bit_数据结构\数据结构_1\Debug\静态顺序表.exe" /INCREMENTAL /NOLOGO kernel32.lib user32.lib gdi32.lib winspool.lib comdlg32.lib advapi32.lib shell32.lib ole32.lib oleaut32.lib uuid.lib odbc32.lib odbccp32.lib /MANIFEST /MANIFESTUAC:"level='asInvoker' uiAccess='false'" /manifest:embed /DEBUG /PDB:"F:\HomeWork\bit_数据结构\数据结构_1\Debug\静态顺序表.pdb" /TLBID:1 /DYNAMICBASE /NXCOMPAT /IMPLIB:"F:\HomeWork\bit_数据结构\数据结构_1\Debug\静态顺序表.lib" /MACHINE:X86 Debug\SeqList.obj
         Debug\test.obj
         数据结构_1.vcxproj -> F:\HomeWork\bit_数据结构\数据结构_1\Debug\静态顺序表.exe
     1>已完成生成项目“F:\HomeWork\bit_数据结构\数据结构_1\数据结构_1\数据结构_1.vcxproj”(Build 个目标)的操作。

生成成功。

已用时间 00:00:00.74
