f:\homework\bit_数据结构\【数据结构】动态顺序表相关操作1\【数据结构】动态顺序表相关操作1\debug\vc120.pdb
f:\homework\bit_数据结构\【数据结构】动态顺序表相关操作1\【数据结构】动态顺序表相关操作1\debug\vc120.idb
f:\homework\bit_数据结构\【数据结构】动态顺序表相关操作1\【数据结构】动态顺序表相关操作1\debug\seqlist.obj
f:\homework\bit_数据结构\【数据结构】动态顺序表相关操作1\【数据结构】动态顺序表相关操作1\debug\test.obj
f:\homework\bit_数据结构\【数据结构】动态顺序表相关操作1\debug\【数据结构】动态顺序表相关操作1.pdb
f:\homework\bit_数据结构\【数据结构】动态顺序表相关操作1\【数据结构】动态顺序表相关操作1\debug\【数据结构】动态顺序表相关操作1.tlog\cl.command.1.tlog
f:\homework\bit_数据结构\【数据结构】动态顺序表相关操作1\【数据结构】动态顺序表相关操作1\debug\【数据结构】动态顺序表相关操作1.tlog\cl.read.1.tlog
f:\homework\bit_数据结构\【数据结构】动态顺序表相关操作1\【数据结构】动态顺序表相关操作1\debug\【数据结构】动态顺序表相关操作1.tlog\cl.write.1.tlog
f:\homework\bit_数据结构\【数据结构】动态顺序表相关操作1\【数据结构】动态顺序表相关操作1\debug\【数据结构】动态顺序表相关操作1.tlog\link-cvtres.read.1.tlog
f:\homework\bit_数据结构\【数据结构】动态顺序表相关操作1\【数据结构】动态顺序表相关操作1\debug\【数据结构】动态顺序表相关操作1.tlog\link-cvtres.write.1.tlog
f:\homework\bit_数据结构\【数据结构】动态顺序表相关操作1\【数据结构】动态顺序表相关操作1\debug\【数据结构】动态顺序表相关操作1.tlog\link-rc.read.1.tlog
f:\homework\bit_数据结构\【数据结构】动态顺序表相关操作1\【数据结构】动态顺序表相关操作1\debug\【数据结构】动态顺序表相关操作1.tlog\link-rc.write.1.tlog
f:\homework\bit_数据结构\【数据结构】动态顺序表相关操作1\【数据结构】动态顺序表相关操作1\debug\【数据结构】动态顺序表相关操作1.tlog\link.11288-cvtres.read.1.tlog
f:\homework\bit_数据结构\【数据结构】动态顺序表相关操作1\【数据结构】动态顺序表相关操作1\debug\【数据结构】动态顺序表相关操作1.tlog\link.11288-cvtres.write.1.tlog
f:\homework\bit_数据结构\【数据结构】动态顺序表相关操作1\【数据结构】动态顺序表相关操作1\debug\【数据结构】动态顺序表相关操作1.tlog\link.11288-rc.read.1.tlog
f:\homework\bit_数据结构\【数据结构】动态顺序表相关操作1\【数据结构】动态顺序表相关操作1\debug\【数据结构】动态顺序表相关操作1.tlog\link.11288-rc.write.1.tlog
f:\homework\bit_数据结构\【数据结构】动态顺序表相关操作1\【数据结构】动态顺序表相关操作1\debug\【数据结构】动态顺序表相关操作1.tlog\link.11288.read.1.tlog
f:\homework\bit_数据结构\【数据结构】动态顺序表相关操作1\【数据结构】动态顺序表相关操作1\debug\【数据结构】动态顺序表相关操作1.tlog\link.11288.write.1.tlog
f:\homework\bit_数据结构\【数据结构】动态顺序表相关操作1\【数据结构】动态顺序表相关操作1\debug\【数据结构】动态顺序表相关操作1.tlog\link.command.1.tlog
f:\homework\bit_数据结构\【数据结构】动态顺序表相关操作1\【数据结构】动态顺序表相关操作1\debug\【数据结构】动态顺序表相关操作1.tlog\link.read.1.tlog
f:\homework\bit_数据结构\【数据结构】动态顺序表相关操作1\【数据结构】动态顺序表相关操作1\debug\【数据结构】动态顺序表相关操作1.tlog\link.write.1.tlog
