生成启动时间为 2018/6/23 23:53:51。
     1>项目“F:\HomeWork\bit_数据结构\【数据结构】动态顺序表相关操作1\【数据结构】动态顺序表相关操作1\【数据结构】动态顺序表相关操作1.vcxproj”在节点 2 上(Build 个目标)。
     1>ClCompile:
         E:\VS2013\VC\bin\CL.exe /c /ZI /nologo /W3 /WX- /sdl /Od /Oy- /D _UNICODE /D UNICODE /Gm /EHsc /RTC1 /MDd /GS /fp:precise /Zc:wchar_t /Zc:forScope /Fo"Debug\\" /Fd"Debug\vc120.pdb" /Gd /TC /analyze- /errorReport:prompt SeqList.c test.c
         test.c
     1>f:\homework\bit_数据结构\【数据结构】动态顺序表相关操作1\【数据结构】动态顺序表相关操作1\test.c(216): warning C4020: “BinarySearch”: 实参太多
         SeqList.c
     1>f:\homework\bit_数据结构\【数据结构】动态顺序表相关操作1\【数据结构】动态顺序表相关操作1\seqlist.c(39): warning C4018: “<”: 有符号/无符号不匹配
     1>f:\homework\bit_数据结构\【数据结构】动态顺序表相关操作1\【数据结构】动态顺序表相关操作1\seqlist.c(75): warning C4029: 声明的形参表不同于定义
     1>f:\homework\bit_数据结构\【数据结构】动态顺序表相关操作1\【数据结构】动态顺序表相关操作1\seqlist.c(110): warning C4018: “<”: 有符号/无符号不匹配
     1>f:\homework\bit_数据结构\【数据结构】动态顺序表相关操作1\【数据结构】动态顺序表相关操作1\seqlist.c(125): warning C4033: “Find”必须返回值
     1>f:\homework\bit_数据结构\【数据结构】动态顺序表相关操作1\【数据结构】动态顺序表相关操作1\seqlist.c(127): warning C4018: “<”: 有符号/无符号不匹配
     1>f:\homework\bit_数据结构\【数据结构】动态顺序表相关操作1\【数据结构】动态顺序表相关操作1\seqlist.c(153): warning C4018: “>=”: 有符号/无符号不匹配
     1>f:\homework\bit_数据结构\【数据结构】动态顺序表相关操作1\【数据结构】动态顺序表相关操作1\seqlist.c(172): warning C4018: “<”: 有符号/无符号不匹配
     1>f:\homework\bit_数据结构\【数据结构】动态顺序表相关操作1\【数据结构】动态顺序表相关操作1\seqlist.c(190): warning C4018: “<”: 有符号/无符号不匹配
     1>f:\homework\bit_数据结构\【数据结构】动态顺序表相关操作1\【数据结构】动态顺序表相关操作1\seqlist.c(202): warning C4018: “<”: 有符号/无符号不匹配
     1>f:\homework\bit_数据结构\【数据结构】动态顺序表相关操作1\【数据结构】动态顺序表相关操作1\seqlist.c(255): warning C4018: “<”: 有符号/无符号不匹配
     1>f:\homework\bit_数据结构\【数据结构】动态顺序表相关操作1\【数据结构】动态顺序表相关操作1\seqlist.c(274): warning C4033: “Size”必须返回值
     1>f:\homework\bit_数据结构\【数据结构】动态顺序表相关操作1\【数据结构】动态顺序表相关操作1\seqlist.c(286): warning C4033: “IsEmpty”必须返回值
     1>f:\homework\bit_数据结构\【数据结构】动态顺序表相关操作1\【数据结构】动态顺序表相关操作1\seqlist.c(294): warning C4047: “=”:“DataType *”与“DataType”的间接级别不同
     1>f:\homework\bit_数据结构\【数据结构】动态顺序表相关操作1\【数据结构】动态顺序表相关操作1\seqlist.c(296): warning C4047: “=”:“DataType”与“DataType *”的间接级别不同
     1>f:\homework\bit_数据结构\【数据结构】动态顺序表相关操作1\【数据结构】动态顺序表相关操作1\seqlist.c(306): warning C4018: “<”: 有符号/无符号不匹配
     1>f:\homework\bit_数据结构\【数据结构】动态顺序表相关操作1\【数据结构】动态顺序表相关操作1\seqlist.c(308): warning C4018: “<”: 有符号/无符号不匹配
     1>f:\homework\bit_数据结构\【数据结构】动态顺序表相关操作1\【数据结构】动态顺序表相关操作1\seqlist.c(425): warning C4029: 声明的形参表不同于定义
         正在生成代码...
     1>f:\homework\bit_数据结构\【数据结构】动态顺序表相关操作1\【数据结构】动态顺序表相关操作1\seqlist.c(143): warning C4715: “Find”: 不是所有的控件路径都返回值
     1>f:\homework\bit_数据结构\【数据结构】动态顺序表相关操作1\【数据结构】动态顺序表相关操作1\seqlist.c(278): warning C4715: “Size”: 不是所有的控件路径都返回值
     1>f:\homework\bit_数据结构\【数据结构】动态顺序表相关操作1\【数据结构】动态顺序表相关操作1\seqlist.c(289): warning C4715: “IsEmpty”: 不是所有的控件路径都返回值
     1>f:\homework\bit_数据结构\【数据结构】动态顺序表相关操作1\【数据结构】动态顺序表相关操作1\test.c(74): warning C4716: “testFind”: 必须返回一个值
     1>f:\homework\bit_数据结构\【数据结构】动态顺序表相关操作1\【数据结构】动态顺序表相关操作1\test.c(151): warning C4716: “testsize”: 必须返回一个值
       Link:
         E:\VS2013\VC\bin\link.exe /ERRORREPORT:PROMPT /OUT:"F:\HomeWork\bit_数据结构\【数据结构】动态顺序表相关操作1\Debug\【数据结构】动态顺序表相关操作1.exe" /INCREMENTAL /NOLOGO kernel32.lib user32.lib gdi32.lib winspool.lib comdlg32.lib advapi32.lib shell32.lib ole32.lib oleaut32.lib uuid.lib odbc32.lib odbccp32.lib /MANIFEST /MANIFESTUAC:"level='asInvoker' uiAccess='false'" /manifest:embed /DEBUG /PDB:"F:\HomeWork\bit_数据结构\【数据结构】动态顺序表相关操作1\Debug\【数据结构】动态顺序表相关操作1.pdb" /TLBID:1 /DYNAMICBASE /NXCOMPAT /IMPLIB:"F:\HomeWork\bit_数据结构\【数据结构】动态顺序表相关操作1\Debug\【数据结构】动态顺序表相关操作1.lib" /MACHINE:X86 Debug\SeqList.obj
         Debug\test.obj
         【数据结构】动态顺序表相关操作1.vcxproj -> F:\HomeWork\bit_数据结构\【数据结构】动态顺序表相关操作1\Debug\【数据结构】动态顺序表相关操作1.exe
     1>已完成生成项目“F:\HomeWork\bit_数据结构\【数据结构】动态顺序表相关操作1\【数据结构】动态顺序表相关操作1\【数据结构】动态顺序表相关操作1.vcxproj”(Build 个目标)的操作。

生成成功。

已用时间 00:00:01.99
