f:\homework\bit_数据结构\数据结构_1\数据结构_1\debug\vc120.pdb
f:\homework\bit_数据结构\数据结构_1\数据结构_1\debug\vc120.idb
f:\homework\bit_数据结构\数据结构_1\数据结构_1\debug\seqlist.obj
f:\homework\bit_数据结构\数据结构_1\数据结构_1\debug\test.obj
f:\homework\bit_数据结构\数据结构_1\debug\数据结构_1.pdb
f:\homework\bit_数据结构\数据结构_1\数据结构_1\debug\数据结构_1.tlog\cl.command.1.tlog
f:\homework\bit_数据结构\数据结构_1\数据结构_1\debug\数据结构_1.tlog\cl.read.1.tlog
f:\homework\bit_数据结构\数据结构_1\数据结构_1\debug\数据结构_1.tlog\cl.write.1.tlog
f:\homework\bit_数据结构\数据结构_1\数据结构_1\debug\数据结构_1.tlog\link-cvtres.read.1.tlog
f:\homework\bit_数据结构\数据结构_1\数据结构_1\debug\数据结构_1.tlog\link-cvtres.write.1.tlog
f:\homework\bit_数据结构\数据结构_1\数据结构_1\debug\数据结构_1.tlog\link-rc.read.1.tlog
f:\homework\bit_数据结构\数据结构_1\数据结构_1\debug\数据结构_1.tlog\link-rc.write.1.tlog
f:\homework\bit_数据结构\数据结构_1\数据结构_1\debug\数据结构_1.tlog\link.15912-cvtres.read.1.tlog
f:\homework\bit_数据结构\数据结构_1\数据结构_1\debug\数据结构_1.tlog\link.15912-cvtres.write.1.tlog
f:\homework\bit_数据结构\数据结构_1\数据结构_1\debug\数据结构_1.tlog\link.15912-rc.read.1.tlog
f:\homework\bit_数据结构\数据结构_1\数据结构_1\debug\数据结构_1.tlog\link.15912-rc.write.1.tlog
f:\homework\bit_数据结构\数据结构_1\数据结构_1\debug\数据结构_1.tlog\link.15912.read.1.tlog
f:\homework\bit_数据结构\数据结构_1\数据结构_1\debug\数据结构_1.tlog\link.15912.write.1.tlog
f:\homework\bit_数据结构\数据结构_1\数据结构_1\debug\数据结构_1.tlog\link.command.1.tlog
f:\homework\bit_数据结构\数据结构_1\数据结构_1\debug\数据结构_1.tlog\link.read.1.tlog
f:\homework\bit_数据结构\数据结构_1\数据结构_1\debug\数据结构_1.tlog\link.write.1.tlog
