生成启动时间为 2018/9/16 21:03:20。
     1>项目“F:\HomeWork\比特_数据结构\【剑指offer】集\【剑指offer】之每日六题9.14\【剑指offer】集.vcxproj”在节点 2 上(Build 个目标)。
     1>ClCompile:
         E:\VS2013\VC\bin\CL.exe /c /ZI /nologo /W3 /WX- /sdl /Od /Oy- /D _UNICODE /D UNICODE /Gm /EHsc /RTC1 /MDd /GS /fp:precise /Zc:wchar_t /Zc:forScope /Fo"Debug\\" /Fd"Debug\vc120.pdb" /Gd /TC /analyze- /errorReport:prompt jianzhioffer.c
         jianzhioffer.c
     1>f:\homework\比特_数据结构\【剑指offer】集\【剑指offer】之每日六题9.14\jianzhioffer.c(10): error C2061: 语法错误: 标识符“Solution”
     1>f:\homework\比特_数据结构\【剑指offer】集\【剑指offer】之每日六题9.14\jianzhioffer.c(10): error C2059: 语法错误:“;”
     1>f:\homework\比特_数据结构\【剑指offer】集\【剑指offer】之每日六题9.14\jianzhioffer.c(11): error C2449: 在文件范围内找到“{”(是否缺少函数头?)
     1>f:\homework\比特_数据结构\【剑指offer】集\【剑指offer】之每日六题9.14\jianzhioffer.c(35): error C2059: 语法错误:“}”
     1>f:\homework\比特_数据结构\【剑指offer】集\【剑指offer】之每日六题9.14\jianzhioffer.c(86): error C2061: 语法错误: 标识符“Solution”
     1>f:\homework\比特_数据结构\【剑指offer】集\【剑指offer】之每日六题9.14\jianzhioffer.c(86): error C2059: 语法错误:“;”
     1>f:\homework\比特_数据结构\【剑指offer】集\【剑指offer】之每日六题9.14\jianzhioffer.c(87): error C2449: 在文件范围内找到“{”(是否缺少函数头?)
     1>f:\homework\比特_数据结构\【剑指offer】集\【剑指offer】之每日六题9.14\jianzhioffer.c(146): error C2059: 语法错误:“}”
     1>f:\homework\比特_数据结构\【剑指offer】集\【剑指offer】之每日六题9.14\jianzhioffer.c(172): error C2143: 语法错误 : 缺少“)”(在“*”的前面)
     1>f:\homework\比特_数据结构\【剑指offer】集\【剑指offer】之每日六题9.14\jianzhioffer.c(172): error C2143: 语法错误 : 缺少“{”(在“*”的前面)
     1>f:\homework\比特_数据结构\【剑指offer】集\【剑指offer】之每日六题9.14\jianzhioffer.c(172): error C2059: 语法错误:“类型”
     1>f:\homework\比特_数据结构\【剑指offer】集\【剑指offer】之每日六题9.14\jianzhioffer.c(172): error C2059: 语法错误:“)”
     1>f:\homework\比特_数据结构\【剑指offer】集\【剑指offer】之每日六题9.14\jianzhioffer.c(208): error C2143: 语法错误 : 缺少“)”(在“*”的前面)
     1>f:\homework\比特_数据结构\【剑指offer】集\【剑指offer】之每日六题9.14\jianzhioffer.c(208): error C2143: 语法错误 : 缺少“{”(在“*”的前面)
     1>f:\homework\比特_数据结构\【剑指offer】集\【剑指offer】之每日六题9.14\jianzhioffer.c(208): error C2059: 语法错误:“类型”
     1>f:\homework\比特_数据结构\【剑指offer】集\【剑指offer】之每日六题9.14\jianzhioffer.c(208): error C2059: 语法错误:“)”
     1>f:\homework\比特_数据结构\【剑指offer】集\【剑指offer】之每日六题9.14\jianzhioffer.c(243): error C2061: 语法错误: 标识符“Solution”
     1>f:\homework\比特_数据结构\【剑指offer】集\【剑指offer】之每日六题9.14\jianzhioffer.c(243): error C2059: 语法错误:“;”
     1>f:\homework\比特_数据结构\【剑指offer】集\【剑指offer】之每日六题9.14\jianzhioffer.c(244): error C2449: 在文件范围内找到“{”(是否缺少函数头?)
     1>f:\homework\比特_数据结构\【剑指offer】集\【剑指offer】之每日六题9.14\jianzhioffer.c(318): error C2059: 语法错误:“}”
     1>f:\homework\比特_数据结构\【剑指offer】集\【剑指offer】之每日六题9.14\jianzhioffer.c(363): error C2061: 语法错误: 标识符“Solution”
     1>f:\homework\比特_数据结构\【剑指offer】集\【剑指offer】之每日六题9.14\jianzhioffer.c(363): error C2059: 语法错误:“;”
     1>f:\homework\比特_数据结构\【剑指offer】集\【剑指offer】之每日六题9.14\jianzhioffer.c(364): error C2449: 在文件范围内找到“{”(是否缺少函数头?)
     1>f:\homework\比特_数据结构\【剑指offer】集\【剑指offer】之每日六题9.14\jianzhioffer.c(412): error C2059: 语法错误:“}”
     1>已完成生成项目“F:\HomeWork\比特_数据结构\【剑指offer】集\【剑指offer】之每日六题9.14\【剑指offer】集.vcxproj”(Build 个目标)的操作 - 失败。

生成失败。

已用时间 00:00:01.86
